#
# There is insufficient memory for the Java Runtime Environment to continue.
# Native memory allocation (mmap) failed to map 130023424 bytes for G1 virtual space
# Possible reasons:
#   The system is out of physical RAM or swap space
#   The process is running with CompressedOops enabled, and the Java Heap may be blocking the growth of the native heap
# Possible solutions:
#   Reduce memory load on the system
#   Increase physical memory or swap space
#   Check if swap backing store is full
#   Decrease Java heap size (-Xmx/-Xms)
#   Decrease number of Java threads
#   Decrease Java thread stack sizes (-Xss)
#   Set larger code cache with -XX:ReservedCodeCacheSize=
#   JVM is running with Unscaled Compressed Oops mode in which the Java heap is
#     placed in the first 4GB address space. The Java Heap base address is the
#     maximum limit for the native heap growth. Please use -XX:HeapBaseMinAddress
#     to set the Java Heap base and to place the Java Heap above 4GB virtual address.
# This output file may be truncated or incomplete.
#
#  Out of Memory Error (os_windows.cpp:3600), pid=1148, tid=3088
#
# JRE version:  (21.0.1+12) (build )
# Java VM: Java HotSpot(TM) 64-Bit Server VM (21.0.1+12-LTS-29, mixed mode, sharing, tiered, compressed oops, compressed class ptrs, g1 gc, windows-amd64)
# No core dump will be written. Minidumps are not enabled by default on client versions of Windows
#

---------------  S U M M A R Y ------------

Command Line: -DRHDA_TOKEN=b3c4364c-843b-4e60-bc93-123ab0a1e4b3 -DRHDA_SOURCE=vscode -DEXHORT_SYFT_PATH=syft -DEXHORT_SKOPEO_PATH=skopeo -DEXHORT_DOCKER_PATH=docker -DEXHORT_PODMAN_PATH=podman c:\\Users\\mtest\\.vscode\\extensions\\redhat.fabric8-analytics-0.9.5\\dist/../javaApiAdapter/exhort-java-api-adapter-1.0-SNAPSHOT-jar-with-dependencies.jar json openjdk:17-jdk-slim

Host: Intel(R) Core(TM) i7-8550U CPU @ 1.80GHz, 8 cores, 7G,  Windows 11 , 64 bit Build 22621 (10.0.22621.4974)
Time: Tue Apr  8 18:02:28 2025 US Eastern Daylight Time elapsed time: 0.030888 seconds (0d 0h 0m 0s)

---------------  T H R E A D  ---------------

Current thread (0x0000029c2aec53d0):  JavaThread "Unknown thread" [_thread_in_vm, id=3088, stack(0x000000a2e1900000,0x000000a2e1a00000) (1024K)]

Stack: [0x000000a2e1900000,0x000000a2e1a00000]
Native frames: (J=compiled Java code, j=interpreted, Vv=VM code, C=native code)
V  [jvm.dll+0x6c9029]
V  [jvm.dll+0x854b81]
V  [jvm.dll+0x856e5e]
V  [jvm.dll+0x857543]
V  [jvm.dll+0x280c06]
V  [jvm.dll+0x6c5715]
V  [jvm.dll+0x6ba10a]
V  [jvm.dll+0x3557ea]
V  [jvm.dll+0x35d436]
V  [jvm.dll+0x3ae1be]
V  [jvm.dll+0x3ae468]
V  [jvm.dll+0x3291fc]
V  [jvm.dll+0x329d8b]
V  [jvm.dll+0x81d179]
V  [jvm.dll+0x3bb4f1]
V  [jvm.dll+0x805ae8]
V  [jvm.dll+0x44effe]
V  [jvm.dll+0x450901]
C  [jli.dll+0x52a3]
C  [ucrtbase.dll+0x29333]
C  [KERNEL32.DLL+0x1259d]
C  [ntdll.dll+0x5af38]


---------------  P R O C E S S  ---------------

Threads class SMR info:
_java_thread_list=0x00007ffb3f7a9b88, length=0, elements={
}

Java Threads: ( => current thread )
Total: 0

Other Threads:
  0x0000029c2af0ff10 WorkerThread "GC Thread#0"                     [id=18656, stack(0x000000a2e1a00000,0x000000a2e1b00000) (1024K)]
  0x0000029c2af20820 ConcurrentGCThread "G1 Main Marker"            [id=9456, stack(0x000000a2e1b00000,0x000000a2e1c00000) (1024K)]
  0x0000029c2af21ac0 WorkerThread "G1 Conc#0"                       [id=15636, stack(0x000000a2e1c00000,0x000000a2e1d00000) (1024K)]

[error occurred during error reporting (printing all threads), id 0xc0000005, EXCEPTION_ACCESS_VIOLATION (0xc0000005) at pc=0x00007ffb3ef1c2c7]
VM state: not at safepoint (not fully initialized)

VM Mutex/Monitor currently owned by a thread:  ([mutex/lock_event])
[0x00007ffb3f81a6f8] Heap_lock - owner thread: 0x0000029c2aec53d0

Heap address: 0x0000000084400000, size: 1980 MB, Compressed Oops mode: 32-bit

CDS archive(s) mapped at: [0x0000000000000000-0x0000000000000000-0x0000000000000000), size 0, SharedBaseAddress: 0x0000000800000000, ArchiveRelocationMode: 1.
Narrow klass base: 0x0000000000000000, Narrow klass shift: 0, Narrow klass range: 0x0

GC Precious Log:
 CardTable entry size: 512
 Card Set container configuration: InlinePtr #cards 5 size 8 Array Of Cards #cards 12 size 40 Howl #buckets 4 coarsen threshold 1843 Howl Bitmap #cards 512 size 80 coarsen threshold 460 Card regions per heap region 1 cards per card region 2048

Heap:
 garbage-first heap   total 0K, used 0K [0x0000000084400000, 0x0000000100000000)
  region size 1024K, 0 young (0K), 0 survivors (0K)

[error occurred during error reporting (printing heap information), id 0xc0000005, EXCEPTION_ACCESS_VIOLATION (0xc0000005) at pc=0x00007ffb3f301be9]
GC Heap History (0 events):
No events

Dll operation events (1 events):
Event: 0.018 Loaded shared library C:\Program Files\Java\jdk-21\bin\java.dll

Deoptimization events (0 events):
No events

Classes loaded (0 events):
No events

Classes unloaded (0 events):
No events

Classes redefined (0 events):
No events

Internal exceptions (0 events):
No events

ZGC Phase Switch (0 events):
No events

VM Operations (0 events):
No events

Events (0 events):
No events


Dynamic libraries:
0x00007ff688270000 - 0x00007ff688280000 	C:\Program Files\Java\jdk-21\bin\java.exe
0x00007ffb92d90000 - 0x00007ffb92fa7000 	C:\WINDOWS\SYSTEM32\ntdll.dll
0x00007ffb91a60000 - 0x00007ffb91b24000 	C:\WINDOWS\System32\KERNEL32.DLL
0x00007ffb90560000 - 0x00007ffb90931000 	C:\WINDOWS\System32\KERNELBASE.dll
0x00007ffb8fed0000 - 0x00007ffb8ffe1000 	C:\WINDOWS\System32\ucrtbase.dll
0x00007ffb8b4c0000 - 0x00007ffb8b4db000 	C:\Program Files\Java\jdk-21\bin\VCRUNTIME140.dll
0x00007ffb7ee20000 - 0x00007ffb7ee39000 	C:\Program Files\Java\jdk-21\bin\jli.dll
0x00007ffb929a0000 - 0x00007ffb92a51000 	C:\WINDOWS\System32\ADVAPI32.dll
0x00007ffb92a60000 - 0x00007ffb92b07000 	C:\WINDOWS\System32\msvcrt.dll
0x00007ffb921e0000 - 0x00007ffb92287000 	C:\WINDOWS\System32\sechost.dll
0x00007ffb90250000 - 0x00007ffb90278000 	C:\WINDOWS\System32\bcrypt.dll
0x00007ffb92290000 - 0x00007ffb923a4000 	C:\WINDOWS\System32\RPCRT4.dll
0x00007ffb927e0000 - 0x00007ffb92991000 	C:\WINDOWS\System32\USER32.dll
0x00007ffb903c0000 - 0x00007ffb903e6000 	C:\WINDOWS\System32\win32u.dll
0x00007ffb78210000 - 0x00007ffb784a2000 	C:\WINDOWS\WinSxS\amd64_microsoft.windows.common-controls_6595b64144ccf1df_6.0.22621.4830_none_270fe7d773858e80\COMCTL32.dll
0x00007ffb921b0000 - 0x00007ffb921d9000 	C:\WINDOWS\System32\GDI32.dll
0x00007ffb90940000 - 0x00007ffb90a5b000 	C:\WINDOWS\System32\gdi32full.dll
0x00007ffb901b0000 - 0x00007ffb9024a000 	C:\WINDOWS\System32\msvcp_win.dll
0x00007ffb84f10000 - 0x00007ffb84f1a000 	C:\WINDOWS\SYSTEM32\VERSION.dll
0x00007ffb924d0000 - 0x00007ffb92501000 	C:\WINDOWS\System32\IMM32.DLL
0x00007ffb8a5b0000 - 0x00007ffb8a5bc000 	C:\Program Files\Java\jdk-21\bin\vcruntime140_1.dll
0x00007ffb59c20000 - 0x00007ffb59cae000 	C:\Program Files\Java\jdk-21\bin\msvcp140.dll
0x00007ffb3ebe0000 - 0x00007ffb3f8f5000 	C:\Program Files\Java\jdk-21\bin\server\jvm.dll
0x00007ffb92110000 - 0x00007ffb92181000 	C:\WINDOWS\System32\WS2_32.dll
0x00007ffb8ed40000 - 0x00007ffb8ed8d000 	C:\WINDOWS\SYSTEM32\POWRPROF.dll
0x00007ffb88610000 - 0x00007ffb88644000 	C:\WINDOWS\SYSTEM32\WINMM.dll
0x00007ffb8ed20000 - 0x00007ffb8ed33000 	C:\WINDOWS\SYSTEM32\UMPDC.dll
0x00007ffb8efd0000 - 0x00007ffb8efe8000 	C:\WINDOWS\SYSTEM32\kernel.appcore.dll
0x00007ffb8a540000 - 0x00007ffb8a54a000 	C:\Program Files\Java\jdk-21\bin\jimage.dll
0x00007ffb8d8a0000 - 0x00007ffb8dad2000 	C:\WINDOWS\SYSTEM32\DBGHELP.DLL
0x00007ffb91b30000 - 0x00007ffb91ec0000 	C:\WINDOWS\System32\combase.dll
0x00007ffb92b10000 - 0x00007ffb92be7000 	C:\WINDOWS\System32\OLEAUT32.dll
0x00007ffb7ab80000 - 0x00007ffb7abb2000 	C:\WINDOWS\SYSTEM32\dbgcore.DLL
0x00007ffb8fff0000 - 0x00007ffb9006b000 	C:\WINDOWS\System32\bcryptPrimitives.dll
0x00007ffb7d030000 - 0x00007ffb7d04f000 	C:\Program Files\Java\jdk-21\bin\java.dll

dbghelp: loaded successfully - version: 4.0.5 - missing functions: none
symbol engine: initialized successfully - sym options: 0x614 - pdb path: .;C:\Program Files\Java\jdk-21\bin;C:\WINDOWS\SYSTEM32;C:\WINDOWS\WinSxS\amd64_microsoft.windows.common-controls_6595b64144ccf1df_6.0.22621.4830_none_270fe7d773858e80;C:\Program Files\Java\jdk-21\bin\server

VM Arguments:
jvm_args: -DRHDA_TOKEN=b3c4364c-843b-4e60-bc93-123ab0a1e4b3 -DRHDA_SOURCE=vscode -DEXHORT_SYFT_PATH=syft -DEXHORT_SKOPEO_PATH=skopeo -DEXHORT_DOCKER_PATH=docker -DEXHORT_PODMAN_PATH=podman 
java_command: c:\\Users\\mtest\\.vscode\\extensions\\redhat.fabric8-analytics-0.9.5\\dist/../javaApiAdapter/exhort-java-api-adapter-1.0-SNAPSHOT-jar-with-dependencies.jar json openjdk:17-jdk-slim
java_class_path (initial): c:\\Users\\mtest\\.vscode\\extensions\\redhat.fabric8-analytics-0.9.5\\dist/../javaApiAdapter/exhort-java-api-adapter-1.0-SNAPSHOT-jar-with-dependencies.jar
Launcher Type: SUN_STANDARD

[Global flags]
     intx CICompilerCount                          = 4                                         {product} {ergonomic}
     uint ConcGCThreads                            = 2                                         {product} {ergonomic}
     uint G1ConcRefinementThreads                  = 8                                         {product} {ergonomic}
   size_t G1HeapRegionSize                         = 1048576                                   {product} {ergonomic}
    uintx GCDrainStackTargetSize                   = 64                                        {product} {ergonomic}
   size_t InitialHeapSize                          = 130023424                                 {product} {ergonomic}
   size_t MarkStackSize                            = 4194304                                   {product} {ergonomic}
   size_t MaxHeapSize                              = 2076180480                                {product} {ergonomic}
   size_t MinHeapDeltaBytes                        = 1048576                                   {product} {ergonomic}
   size_t MinHeapSize                              = 8388608                                   {product} {ergonomic}
    uintx NonNMethodCodeHeapSize                   = 5839372                                {pd product} {ergonomic}
    uintx NonProfiledCodeHeapSize                  = 122909434                              {pd product} {ergonomic}
    uintx ProfiledCodeHeapSize                     = 122909434                              {pd product} {ergonomic}
    uintx ReservedCodeCacheSize                    = 251658240                              {pd product} {ergonomic}
     bool SegmentedCodeCache                       = true                                      {product} {ergonomic}
   size_t SoftMaxHeapSize                          = 2076180480                             {manageable} {ergonomic}
     bool UseCompressedOops                        = true                           {product lp64_product} {ergonomic}
     bool UseG1GC                                  = true                                      {product} {ergonomic}
     bool UseLargePagesIndividualAllocation        = false                                  {pd product} {ergonomic}

Logging:
Log output configuration:
 #0: stdout all=warning uptime,level,tags foldmultilines=false
 #1: stderr all=off uptime,level,tags foldmultilines=false

Environment Variables:
PATH=C:\Program Files\Common Files\Oracle\Java\javapath;C:\Program Files\Python38\Scripts\;C:\Program Files\Python38\;C:\Program Files\Python310\Scripts\;C:\Program Files\Python310\;C:\WINDOWS\system32;C:\WINDOWS;C:\WINDOWS\System32\Wbem;C:\WINDOWS\System32\WindowsPowerShell\v1.0\;C:\WINDOWS\System32\OpenSSH\;C:\Program Files (x86)\Microsoft SQL Server\160\Tools\Binn\;C:\Program Files\Microsoft SQL Server\160\Tools\Binn\;C:\Program Files\Microsoft SQL Server\Client SDK\ODBC\170\Tools\Binn\;C:\Program Files\Microsoft SQL Server\160\DTS\Binn\;C:\Program Files (x86)\Microsoft SQL Server\160\DTS\Binn\;C:\Program Files\Azure Data Studio\bin;C:\Program Files\Git\cmd;C:\Program Files\nodejs\;C:\ProgramData\chocolatey\bin;C:\Program Files\Docker\Docker\resources\bin;C:\Program Files (x86)\Windows Kits\10\Windows Performance Toolkit\;D:\Program Files\apache-maven-3.9.9\bin;C:\Program Files\Microsoft Visual Studio\2022\Community\Common7\IDE\VC\VCPackages;C:\Program Files\Microsoft Visual Studio\2022\Community\Common7\IDE\CommonExtensions\Microsoft\TestWindow;C:\Program Files\Microsoft Visual Studio\2022\Community\Common7\IDE\CommonExtensions\Microsoft\TeamFoundation\Team Explorer;C:\Program Files\Microsoft Visual Studio\2022\Community\MSBuild\Current\bin\Roslyn;C:\Program Files\Microsoft Visual Studio\2022\Community\Team Tools\DiagnosticsHub\Collector;C:\Program Files\Microsoft Visual Studio\2022\Community\\MSBuild\Current\Bin\amd64;C:\Windows\Microsoft.NET\Framework64\v4.0.30319;C:\Program Files\Microsoft Visual Studio\2022\Community\Common7\IDE\;C:\Program Files\Microsoft Visual Studio\2022\Community\Common7\Tools\;C:\Program Files\Microsoft Visual Studio\2022\Community\Common7\IDE\VC;C:\Program Files\Microsoft Visual Studio\2022\Community\VC\Tools\MSVC\14.43.34808\bin\HostX64\x64;C:\Program Files\PostgreSQL\16\bin;C:\Users\mtest\AppData\Local\Programs\Microsoft VS Code\bin
USERNAME=mtest
OS=Windows_NT
PROCESSOR_IDENTIFIER=Intel64 Family 6 Model 142 Stepping 10, GenuineIntel
TMP=C:\Users\mtest\AppData\Local\Temp
TEMP=C:\Users\mtest\AppData\Local\Temp




Periodic native trim disabled

---------------  S Y S T E M  ---------------

OS:
 Windows 11 , 64 bit Build 22621 (10.0.22621.4974)
OS uptime: 14 days 3:38 hours
Hyper-V role detected

CPU: total 8 (initial active 8) (4 cores per cpu, 2 threads per core) family 6 model 142 stepping 10 microcode 0xea, cx8, cmov, fxsr, ht, mmx, 3dnowpref, sse, sse2, sse3, ssse3, sse4.1, sse4.2, popcnt, lzcnt, tsc, tscinvbit, avx, avx2, aes, erms, clmul, bmi1, bmi2, adx, fma, vzeroupper, clflush, clflushopt, hv, rdtscp, f16c
Processor Information for all 8 processors :
  Max Mhz: 2001, Current Mhz: 2001, Mhz Limit: 2001

Memory: 4k page, system-wide physical 7915M (507M free)
TotalPageFile size 15831M (AvailPageFile size 15M)
current process WorkingSet (physical memory assigned to process): 11M, peak: 11M
current process commit charge ("private bytes"): 60M, peak: 184M

vm_info: Java HotSpot(TM) 64-Bit Server VM (21.0.1+12-LTS-29) for windows-amd64 JRE (21.0.1+12-LTS-29), built on 2023-10-05T13:27:09Z by "mach5one" with MS VC++ 17.1 (VS2022)

END.
